[root@lvm vagrant]# script
Script started, file is typescript
[root@lvm vagrant]# 
[root@lvm vagrant]# 
[root@lvm vagrant]# lsblk
NAME                     MAJ:MIN RM  SIZE RO TYPE MOUNTPOINT
sda                        8:0    0   40G  0 disk 
├─sda1                     8:1    0    1M  0 part 
├─sda2                     8:2    0    1G  0 part /boot
└─sda3                     8:3    0   39G  0 part 
  ├─VolGroup00-LogVol00  253:0    0    8G  0 lvm  /
  └─VolGroup00-LogVol01  253:1    0  1.5G  0 lvm  [SWAP]
sdb                        8:16   0   10G  0 disk 
└─vg_root-lv_root        253:2    0   10G  0 lvm  
sdc                        8:32   0    2G  0 disk 
├─vg_var-lv_var_rmeta_0  253:3    0    4M  0 lvm  
│ └─vg_var-lv_var        253:7    0  952M  0 lvm  /var
└─vg_var-lv_var_rimage_0 253:4    0  952M  0 lvm  
  └─vg_var-lv_var        253:7    0  952M  0 lvm  /var
sdd                        8:48   0    1G  0 disk 
├─vg_var-lv_var_rmeta_1  253:5    0    4M  0 lvm  
│ └─vg_var-lv_var        253:7    0  952M  0 lvm  /var
└─vg_var-lv_var_rimage_1 253:6    0  952M  0 lvm  
  └─vg_var-lv_var        253:7    0  952M  0 lvm  /var
sde                        8:64   0    1G  0 disk 
[root@lvm vagrant]# lvremove /dev/vg_root/lv_root
Do you really want to remove active logical volume vg_root/lv_root? [y/n]: y
  Logical volume "lv_root" successfully removed
[root@lvm vagrant]# 
[root@lvm vagrant]# 
[root@lvm vagrant]# vgremove /dev/vg_root
  Volume group "vg_root" successfully removed
[root@lvm vagrant]# 
[root@lvm vagrant]# 
[root@lvm vagrant]# pvremove /dev/sdb
  Labels on physical volume "/dev/sdb" successfully wiped.
[root@lvm vagrant]# 
[root@lvm vagrant]# 
[root@lvm vagrant]# lvcreate -n LogVol_Home -L 2G /dev/VolGroup00
  Logical volume "LogVol_Home" created.
[root@lvm vagrant]# 
[root@lvm vagrant]# 
[root@lvm vagrant]# mkfs.xfs /dev/VolGroup00/LogVol_Home
meta-data=/dev/VolGroup00/LogVol_Home isize=512    agcount=4, agsize=131072 blks
         =                       sectsz=512   attr=2, projid32bit=1
         =                       crc=1        finobt=0, sparse=0
data     =                       bsize=4096   blocks=524288, imaxpct=25
         =                       sunit=0      swidth=0 blks
naming   =version 2              bsize=4096   ascii-ci=0 ftype=1
log      =internal log           bsize=4096   blocks=2560, version=2
         =                       sectsz=512   sunit=0 blks, lazy-count=1
realtime =none                   extsz=4096   blocks=0, rtextents=0
[root@lvm vagrant]# 
[root@lvm vagrant]# 
[root@lvm vagrant]# 
[root@lvm vagrant]# mount /dev/VolGroup00/LogVol_Home /mnt/
[root@lvm vagrant]# 
[root@lvm vagrant]# 
[root@lvm vagrant]# cp -aR /home/* /mnt/
[root@lvm vagrant]# 
[root@lvm vagrant]# 
[root@lvm vagrant]# rm -rf /home/*
[root@lvm vagrant]# 
[root@lvm vagrant]# umount /mnt
[root@lvm vagrant]# 
[root@lvm vagrant]# 
[root@lvm vagrant]# mount /dev/VolGroup00/LogVol_Home /home/
[root@lvm vagrant]# 
[root@lvm vagrant]# 
[root@lvm vagrant]# 
[root@lvm vagrant]# cat /etc/fstab 

#
# /etc/fstab
# Created by anaconda on Sat May 12 18:50:26 2018
#
# Accessible filesystems, by reference, are maintained under '/dev/disk'
# See man pages fstab(5), findfs(8), mount(8) and/or blkid(8) for more info
#
/dev/mapper/VolGroup00-LogVol00 /                       xfs     defaults        0 0
UUID=570897ca-e759-4c81-90cf-389da6eee4cc /boot                   xfs     defaults        0 0
/dev/mapper/VolGroup00-LogVol01 swap                    swap    defaults        0 0
UUID="91dace04-7349-4dea-a0ab-0ce7ac4babc4" /var ext4 defaults 0 0
[root@lvm vagrant]# 
[root@lvm vagrant]# 
[root@lvm vagrant]# 
[root@lvm vagrant]# echo "`blkid | grep Home | awk '{print $2}'` /home xfs defaults 0 0" >> /etc/fstab
[root@lvm vagrant]# 
[root@lvm vagrant]# 
[root@lvm vagrant]# 
[root@lvm vagrant]# touch /home/file{1..20}
[root@lvm vagrant]# 
[root@lvm vagrant]# 
[root@lvm vagrant]# 
[root@lvm vagrant]# ls /home/
file1   file11  file13  file15  file17  file19  file20  file4  file6  file8  vagrant
file10  file12  file14  file16  file18  file2   file3   file5  file7  file9
[root@lvm vagrant]# 
[root@lvm vagrant]# 
[root@lvm vagrant]# lvcreate -L 100MB -s -n home_snap /dev/VolGroup00/LogVol_Home
  Rounding up size to full physical extent 128.00 MiB
  Logical volume "home_snap" created.
[root@lvm vagrant]# 
[root@lvm vagrant]# 
[root@lvm vagrant]# rm -f /home/file{11..20}
[root@lvm vagrant]# 
[root@lvm vagrant]# 
[root@lvm vagrant]# ls /home/
file1  file10  file2  file3  file4  file5  file6  file7  file8  file9  vagrant
[root@lvm vagrant]# 
[root@lvm vagrant]# 
[root@lvm vagrant]# 
[root@lvm vagrant]# umount /home
[root@lvm vagrant]# 
[root@lvm vagrant]# 
[root@lvm vagrant]# lvconvert --merge /dev/VolGroup00/home_snap
  Merging of volume VolGroup00/home_snap started.
  VolGroup00/LogVol_Home: Merged: 100.00%
[root@lvm vagrant]# 
[root@lvm vagrant]# 
[root@lvm vagrant]# mount /home
[root@lvm vagrant]# 
[root@lvm vagrant]# 
[root@lvm vagrant]# ls /home/
file1   file11  file13  file15  file17  file19  file20  file4  file6  file8  vagrant
file10  file12  file14  file16  file18  file2   file3   file5  file7  file9
[root@lvm vagrant]# exit
exit
Script done, file is typescript
